<?xml version="1.0" encoding="UTF-8"?>
<!-- Generated by org.testng.reporters.JUnitReportReporter -->
<testsuite hostname="DESKTOP-42EAGMC" name="testcases.VerifyHomePage" tests="1" failures="0" timestamp="3 Jul 2017 22:43:07 GMT" time="8.915" errors="0">
  <testcase name="testHomePage" time="8.915" classname="testcases.VerifyHomePage"/>
</testsuite> <!-- testcases.VerifyHomePage -->
